# JRE version: Java(TM) SE Runtime Environment (8.0_191-b12) (build 1.8.0_191-b12)
# Java VM: Java HotSpot(TM) Client VM (25.191-b12 mixed mode windows-x86 )
Heap:
 def new generation   total 157248K, used 157247K [0x06000000, 0x10aa0000, 0x10aa0000)
  eden space 139776K,  99% used [0x06000000, 0x0e87fff8, 0x0e880000)
  from space 17472K, 100% used [0x0e880000, 0x0f990000, 0x0f990000)
  to   space 17472K,   0% used [0x0f990000, 0x0f990000, 0x10aa0000)
 tenured generation   total 349568K, used 349568K [0x10aa0000, 0x26000000, 0x26000000)
   the space 349568K, 100% used [0x10aa0000, 0x26000000, 0x26000000, 0x26000000)
 Metaspace       used 22256K, capacity 22750K, committed 22912K, reserved 22912K
GC Heap History (10 events):
Event: 734.933 GC heap before
{Heap before GC invocations=1821 (full 1025):
 def new generation   total 157248K, used 157247K [0x06000000, 0x10aa0000, 0x10aa0000)
  eden space 139776K,  99% used [0x06000000, 0x0e87fff8, 0x0e880000)
  from space 17472K,  99% used [0x0e880000, 0x0f98ffb8, 0x0f990000)
  to   space 17472K,   0% used [0x0f990000, 0x0f990000, 0x10aa0000)
 tenured generation   total 349568K, used 349567K [0x10aa0000, 0x26000000, 0x26000000)
   the space 349568K,  99% used [0x10aa0000, 0x25ffff70, 0x26000000, 0x26000000)
 Metaspace       used 22256K, capacity 22750K, committed 22912K, reserved 22912K
Event: 735.421 GC heap after
Heap after GC invocations=1822 (full 1026):
 def new generation   total 157248K, used 157244K [0x06000000, 0x10aa0000, 0x10aa0000)
  eden space 139776K,  99% used [0x06000000, 0x0e87fff8, 0x0e880000)
  from space 17472K,  99% used [0x0e880000, 0x0f98f0b8, 0x0f990000)
  to   space 17472K,   0% used [0x0f990000, 0x0f990000, 0x10aa0000)
 tenured generation   total 349568K, used 349567K [0x10aa0000, 0x26000000, 0x26000000)
   the space 349568K,  99% used [0x10aa0000, 0x25ffff70, 0x26000000, 0x26000000)
 Metaspace       used 22256K, capacity 22750K, committed 22912K, reserved 22912K
}
Event: 735.421 GC heap before
{Heap before GC invocations=1822 (full 1026):
 def new generation   total 157248K, used 157247K [0x06000000, 0x10aa0000, 0x10aa0000)
  eden space 139776K,  99% used [0x06000000, 0x0e87fff8, 0x0e880000)
  from space 17472K,  99% used [0x0e880000, 0x0f98ff98, 0x0f990000)
  to   space 17472K,   0% used [0x0f990000, 0x0f990000, 0x10aa0000)
 tenured generation   total 349568K, used 349567K [0x10aa0000, 0x26000000, 0x26000000)
   the space 349568K,  99% used [0x10aa0000, 0x25ffff70, 0x26000000, 0x26000000)
 Metaspace       used 22256K, capacity 22750K, committed 22912K, reserved 22912K
Event: 735.888 GC heap after
Heap after GC invocations=1823 (full 1027):
 def new generation   total 157248K, used 157244K [0x06000000, 0x10aa0000, 0x10aa0000)
  eden space 139776K,  99% used [0x06000000, 0x0e87fff8, 0x0e880000)
  from space 17472K,  99% used [0x0e880000, 0x0f98f0b8, 0x0f990000)
  to   space 17472K,   0% used [0x0f990000, 0x0f990000, 0x10aa0000)
 tenured generation   total 349568K, used 349567K [0x10aa0000, 0x26000000, 0x26000000)
   the space 349568K,  99% used [0x10aa0000, 0x25ffff70, 0x26000000, 0x26000000)
 Metaspace       used 22256K, capacity 22750K, committed 22912K, reserved 22912K
}
Event: 735.888 GC heap before
{Heap before GC invocations=1823 (full 1027):
 def new generation   total 157248K, used 157247K [0x06000000, 0x10aa0000, 0x10aa0000)
  eden space 139776K,  99% used [0x06000000, 0x0e87fff8, 0x0e880000)
  from space 17472K,  99% used [0x0e880000, 0x0f98ff98, 0x0f990000)
  to   space 17472K,   0% used [0x0f990000, 0x0f990000, 0x10aa0000)
 tenured generation   total 349568K, used 349567K [0x10aa0000, 0x26000000, 0x26000000)
   the space 349568K,  99% used [0x10aa0000, 0x25ffff70, 0x26000000, 0x26000000)
 Metaspace       used 22256K, capacity 22750K, committed 22912K, reserved 22912K
Event: 736.368 GC heap after
Heap after GC invocations=1824 (full 1028):
 def new generation   total 157248K, used 157244K [0x06000000, 0x10aa0000, 0x10aa0000)
  eden space 139776K,  99% used [0x06000000, 0x0e87fff8, 0x0e880000)
  from space 17472K,  99% used [0x0e880000, 0x0f98f0b8, 0x0f990000)
  to   space 17472K,   0% used [0x0f990000, 0x0f990000, 0x10aa0000)
 tenured generation   total 349568K, used 349567K [0x10aa0000, 0x26000000, 0x26000000)
   the space 349568K,  99% used [0x10aa0000, 0x25ffff70, 0x26000000, 0x26000000)
 Metaspace       used 22256K, capacity 22750K, committed 22912K, reserved 22912K
}
Event: 736.368 GC heap before
{Heap before GC invocations=1824 (full 1028):
 def new generation   total 157248K, used 157247K [0x06000000, 0x10aa0000, 0x10aa0000)
  eden space 139776K,  99% used [0x06000000, 0x0e87fff8, 0x0e880000)
  from space 17472K,  99% used [0x0e880000, 0x0f98ff98, 0x0f990000)
  to   space 17472K,   0% used [0x0f990000, 0x0f990000, 0x10aa0000)
 tenured generation   total 349568K, used 349567K [0x10aa0000, 0x26000000, 0x26000000)
   the space 349568K,  99% used [0x10aa0000, 0x25ffff70, 0x26000000, 0x26000000)
 Metaspace       used 22256K, capacity 22750K, committed 22912K, reserved 22912K
Event: 736.816 GC heap after
Heap after GC invocations=1825 (full 1029):
 def new generation   total 157248K, used 157237K [0x06000000, 0x10aa0000, 0x10aa0000)
  eden space 139776K,  99% used [0x06000000, 0x0e87fff8, 0x0e880000)
  from space 17472K,  99% used [0x0e880000, 0x0f98d488, 0x0f990000)
  to   space 17472K,   0% used [0x0f990000, 0x0f990000, 0x10aa0000)
 tenured generation   total 349568K, used 349567K [0x10aa0000, 0x26000000, 0x26000000)
   the space 349568K,  99% used [0x10aa0000, 0x25ffff70, 0x26000000, 0x26000000)
 Metaspace       used 22256K, capacity 22750K, committed 22912K, reserved 22912K
}
Event: 736.816 GC heap before
{Heap before GC invocations=1825 (full 1029):
 def new generation   total 157248K, used 157237K [0x06000000, 0x10aa0000, 0x10aa0000)
  eden space 139776K,  99% used [0x06000000, 0x0e87fff8, 0x0e880000)
  from space 17472K,  99% used [0x0e880000, 0x0f98d488, 0x0f990000)
  to   space 17472K,   0% used [0x0f990000, 0x0f990000, 0x10aa0000)
 tenured generation   total 349568K, used 349567K [0x10aa0000, 0x26000000, 0x26000000)
   the space 349568K,  99% used [0x10aa0000, 0x25ffff70, 0x26000000, 0x26000000)
 Metaspace       used 22256K, capacity 22750K, committed 22912K, reserved 22912K
Event: 737.255 GC heap after
Heap after GC invocations=1826 (full 1030):
 def new generation   total 157248K, used 157237K [0x06000000, 0x10aa0000, 0x10aa0000)
  eden space 139776K,  99% used [0x06000000, 0x0e87fff8, 0x0e880000)
  from space 17472K,  99% used [0x0e880000, 0x0f98d488, 0x0f990000)
  to   space 17472K,   0% used [0x0f990000, 0x0f990000, 0x10aa0000)
 tenured generation   total 349568K, used 349567K [0x10aa0000, 0x26000000, 0x26000000)
   the space 349568K,  99% used [0x10aa0000, 0x25ffff70, 0x26000000, 0x26000000)
 Metaspace       used 22256K, capacity 22750K, committed 22912K, reserved 22912K
}

